2025-05-20 15:52:17,331 [INFO] Starting pipeline...
2025-05-20 15:52:17,331 [INFO] Connecting to PostgreSQL...
2025-05-20 15:52:17,398 [INFO] PostgreSQL connection successful.
2025-05-20 15:52:17,398 [INFO] Uploading CSV to PostgreSQL: data/manufacturing_service_data.csv
2025-05-20 15:52:17,665 [INFO] CSV uploaded to PostgreSQL.
2025-05-20 15:52:17,678 [INFO] Exporting table to CSV...
2025-05-20 15:52:17,771 [INFO] Exported table to: data/exported_data.csv
2025-05-20 15:52:17,771 [INFO] Connecting to Neo4j...
2025-05-20 15:52:20,257 [INFO] Neo4j connection successful.
2025-05-20 15:52:20,257 [INFO] Deleting existing knowledge graph...
2025-05-20 15:52:22,358 [INFO] Knowledge graph cleared.
2025-05-20 15:52:22,358 [INFO] Reading existing nodes...
2025-05-20 15:52:22,364 [INFO] Creating knowledge graph from CSV...
2025-05-20 15:52:24,032 [INFO] Knowledge graph created.
2025-05-20 15:52:24,040 [INFO] Embedding node types for vector similarity...
2025-05-20 15:52:24,040 [INFO] Processing Problem nodes...
2025-05-20 15:52:35,614 [INFO] Processing Cause nodes...
2025-05-20 15:52:47,126 [INFO] Processing CorrectiveAction nodes...
2025-05-20 15:52:58,018 [INFO] All node types embedded and linked.
2025-05-20 15:52:59,514 [INFO] Successfully ran Cypher query: what is the cause for problem text: Tool turret not indexing to correct position
2025-05-20 15:52:59,514 [INFO] Response: Worn turret index mechanism and sensor.  

2025-05-20 15:52:59,529 [INFO] Neo4j connection closed.
2025-05-20 15:52:59,529 [INFO] Pipeline execution completed successfully.
